2025-06-03 10:17:03,668 - INFO - Processing dataset 0: Martin-pêcheur
2025-06-03 10:17:03,668 - INFO - Uploading file: kingfisher.jpg
2025-06-03 10:17:04,466 - INFO - Dataset 0 created successfully: 10.34847/nkl.1ee07t07
2025-06-03 10:17:04,467 - INFO - Processing dataset 1: Chouette
2025-06-03 10:17:04,467 - INFO - Uploading file: owl-1.jpg
2025-06-03 10:17:04,601 - INFO - Uploading file: owl-2.jpg
2025-06-03 10:17:04,878 - INFO - Dataset 1 created successfully: 10.34847/nkl.66beu9o7
2025-06-03 10:17:04,878 - INFO - Processing dataset 2: Paon
2025-06-03 10:17:04,878 - INFO - Uploading file: peafowl.jpg
2025-06-03 10:17:05,237 - INFO - Dataset 2 created successfully: 10.34847/nkl.488ciois
2025-06-03 10:59:21,442 - INFO - Processing dataset 0: Martin-pêcheur
2025-06-03 10:59:21,443 - INFO - Uploading file: kingfisher.jpg
2025-06-03 10:59:22,433 - INFO - Dataset 0 created successfully: 10.34847/nkl.8d3d5v6r
2025-06-03 10:59:22,433 - INFO - Processing dataset 1: Chouette
2025-06-03 10:59:22,433 - INFO - Uploading file: owl-1.jpg
2025-06-03 10:59:22,606 - INFO - Uploading file: owl-2.jpg
2025-06-03 10:59:22,970 - INFO - Dataset 1 created successfully: 10.34847/nkl.bf60nkka
2025-06-03 10:59:22,973 - INFO - Processing dataset 2: Paon
2025-06-03 10:59:22,974 - INFO - Uploading file: peafowl.jpg
2025-06-03 10:59:23,318 - INFO - Dataset 2 created successfully: 10.34847/nkl.7bbak5n3
